cuequivariance or cuequivariance_torch is not available. Cuequivariance acceleration will be disabled.
2025-04-13 18:49:03.105 INFO: ===========VERIFYING SETTINGS===========
2025-04-13 18:49:03.106 INFO: Stage Two is activated as start_stage_two was defined
2025-04-13 18:49:03.107 INFO: MACE version: 0.3.12
2025-04-13 18:49:03.310 INFO: CUDA version: 12.1, CUDA device: 0
2025-04-13 18:49:03.600 INFO: ===========LOADING INPUT DATA===========
2025-04-13 18:49:03.601 INFO: Using heads: ['default']
2025-04-13 18:49:03.601 INFO: =============    Processing head default     ===========
2025-04-13 18:49:03.880 WARNING: Since ASE version 3.23.0b1, using energy_key 'energy' is no longer safe when communicating between MACE and ASE. We recommend using a different key, rewriting 'energy' to 'REF_energy'. You need to use --energy_key='REF_energy' to specify the chosen key name.
2025-04-13 18:49:03.978 WARNING: Since ASE version 3.23.0b1, using forces_key 'forces' is no longer safe when communicating between MACE and ASE. We recommend using a different key, rewriting 'forces' to 'REF_forces'. You need to use --forces_key='REF_forces' to specify the chosen key name.
2025-04-13 18:49:04.087 INFO: Training file 1/1 [1000 configs, 1000 energy, 1000 forces, 1000 stresses] loaded from '/work3/s204797/mace/data/rmd17/train_rmd17_benzene.xyz'
2025-04-13 18:49:04.088 INFO: Total training set [1000 configs, 1000 energy, 1000 forces, 1000 stresses]
2025-04-13 18:49:04.091 INFO: Using random 5% of training set for validation with indices saved in: ./valid_indices_3.txt
2025-04-13 18:49:04.092 INFO: Validation set contains 50 configurations [50 energy, 50 forces, 50 stresses]
2025-04-13 18:49:04.349 WARNING: Since ASE version 3.23.0b1, using energy_key 'energy' is no longer safe when communicating between MACE and ASE. We recommend using a different key, rewriting 'energy' to 'REF_energy'. You need to use --energy_key='REF_energy' to specify the chosen key name.
2025-04-13 18:49:04.439 WARNING: Since ASE version 3.23.0b1, using forces_key 'forces' is no longer safe when communicating between MACE and ASE. We recommend using a different key, rewriting 'forces' to 'REF_forces'. You need to use --forces_key='REF_forces' to specify the chosen key name.
2025-04-13 18:49:04.548 INFO: Test file 1/1 [1000 configs, 1000 energy, 1000 forces, 1000 stresses] loaded from '/work3/s204797/mace/data/rmd17/test_rmd17_benzene.xyz'
2025-04-13 18:49:04.549 INFO: Total test set (1000 configs):
2025-04-13 18:49:04.550 INFO: Default_default: 1000 configs, 1000 energy, 1000 forces, 1000 stresses
2025-04-13 18:49:04.551 INFO: Total number of configurations: train=950, valid=50, tests=[Default_default: 1000],
2025-04-13 18:49:04.556 INFO: Atomic Numbers used: [np.int64(1), np.int64(6)]
2025-04-13 18:49:04.556 INFO: Isolated Atomic Energies (E0s) not in training file, using command line argument
2025-04-13 18:49:04.557 INFO: Computing average Atomic Energies using least squares regression
2025-04-13 18:49:04.563 INFO: Atomic Energies used (z: eV) for head default: {1: -525.5418713630777, 6: -525.5418713630763}
2025-04-13 18:49:04.564 INFO: Processing datasets for head 'default'
2025-04-13 18:53:27.161 INFO: Combining 1 list datasets for head 'default'
2025-04-13 18:53:38.299 INFO: Head 'default' training dataset size: 950
2025-04-13 18:53:38.301 INFO: Computing average number of neighbors
2025-04-13 18:53:38.814 INFO: Average number of neighbors: 11.0
2025-04-13 18:53:38.815 INFO: During training the following quantities will be reported: energy, forces
2025-04-13 18:53:38.816 INFO: ===========MODEL DETAILS===========
2025-04-13 18:53:39.196 INFO: Building model
2025-04-13 18:53:39.197 INFO: Message passing with 256 channels and max_L=2 (256x0e + 256x1o + 256x2e)
2025-04-13 18:53:39.198 INFO: 2 layers, each with correlation order: 3 (body order: 4) and spherical harmonics up to: l=3
2025-04-13 18:53:39.199 INFO: 8 radial and 5 basis functions
2025-04-13 18:53:39.200 INFO: Radial cutoff: 6.0 A (total receptive field for each atom: 12.0 A)
2025-04-13 18:53:39.200 INFO: Distance transform for radial basis functions: None
2025-04-13 18:53:39.201 INFO: Hidden irreps: 256x0e + 256x1o + 256x2e
2025-04-13 18:53:41.641 INFO: Total number of parameters: 2624784
2025-04-13 18:53:41.642 INFO: 
2025-04-13 18:53:41.642 INFO: ===========OPTIMIZER INFORMATION===========
2025-04-13 18:53:41.643 INFO: Using ADAM as parameter optimizer
2025-04-13 18:53:41.644 INFO: Batch size: 5
2025-04-13 18:53:41.644 INFO: Using Exponential Moving Average with decay: 0.99
2025-04-13 18:53:41.645 INFO: Number of gradient updates: 665000
2025-04-13 18:53:41.645 INFO: Learning rate: 0.01, weight decay: 5e-07
2025-04-13 18:53:41.646 INFO: WeightedEnergyForcesLoss(energy_weight=6.000, forces_weight=1000.000)
2025-04-13 18:53:41.647 INFO: Stage Two (after 2000 epochs) with loss function: WeightedEnergyForcesLoss(energy_weight=8.000, forces_weight=1000.000), with energy weight : 8.0, forces weight : 1000.0 and learning rate : 0.001
2025-04-13 18:53:41.750 INFO: Using Weights and Biases for logging
2025-04-13 18:53:49.629 INFO: Using gradient clipping with tolerance=10.000
2025-04-13 18:53:49.630 INFO: 
2025-04-13 18:53:49.631 INFO: ===========TRAINING===========
2025-04-13 18:53:49.632 INFO: Started training, reporting errors on validation set
2025-04-13 18:53:49.633 INFO: Loss metrics on validation set
2025-04-13 18:53:53.459 INFO: Initial: head: default, loss=89.11644745, MAE_E= 2460.96 meV, MAE_F=  689.36 meV / A
2025-04-13 18:54:13.951 INFO: Epoch 0: head: default, loss=0.89789522, MAE_E=   34.11 meV, MAE_F=   68.99 meV / A
2025-04-13 18:54:28.782 INFO: Epoch 1: head: default, loss=0.19328800, MAE_E=   19.77 meV, MAE_F=   31.51 meV / A
2025-04-13 18:54:43.629 INFO: Epoch 2: head: default, loss=0.08938194, MAE_E=   16.12 meV, MAE_F=   19.87 meV / A
2025-04-13 18:54:58.458 INFO: Epoch 3: head: default, loss=0.07714618, MAE_E=    2.23 meV, MAE_F=   18.05 meV / A
2025-04-13 18:55:13.298 INFO: Epoch 4: head: default, loss=0.06320897, MAE_E=    9.78 meV, MAE_F=   15.93 meV / A
2025-04-13 18:55:28.119 INFO: Epoch 5: head: default, loss=0.06337146, MAE_E=    4.09 meV, MAE_F=   15.74 meV / A
2025-04-13 18:55:42.895 INFO: Epoch 6: head: default, loss=0.05344344, MAE_E=   15.84 meV, MAE_F=   14.62 meV / A
2025-04-13 18:55:57.702 INFO: Epoch 7: head: default, loss=0.04833121, MAE_E=   11.50 meV, MAE_F=   13.65 meV / A
2025-04-13 18:56:12.492 INFO: Epoch 8: head: default, loss=0.04044629, MAE_E=   10.93 meV, MAE_F=   12.55 meV / A
2025-04-13 18:56:27.265 INFO: Epoch 9: head: default, loss=0.03151807, MAE_E=   12.74 meV, MAE_F=   11.49 meV / A
2025-04-13 18:56:42.029 INFO: Epoch 10: head: default, loss=0.02688463, MAE_E=    4.16 meV, MAE_F=   10.50 meV / A
2025-04-13 18:56:56.781 INFO: Epoch 11: head: default, loss=0.02289652, MAE_E=   11.90 meV, MAE_F=    9.72 meV / A
2025-04-13 18:57:11.552 INFO: Epoch 12: head: default, loss=0.01943796, MAE_E=    4.89 meV, MAE_F=    9.12 meV / A
2025-04-13 18:57:26.324 INFO: Epoch 13: head: default, loss=0.01817776, MAE_E=   80.01 meV, MAE_F=    8.81 meV / A
2025-04-13 18:57:41.101 INFO: Epoch 14: head: default, loss=0.01627190, MAE_E=    9.09 meV, MAE_F=    8.41 meV / A
2025-04-13 18:57:55.886 INFO: Epoch 15: head: default, loss=0.01554804, MAE_E=   20.48 meV, MAE_F=    8.41 meV / A
2025-04-13 18:58:10.654 INFO: Epoch 16: head: default, loss=0.01255499, MAE_E=   10.13 meV, MAE_F=    7.55 meV / A
2025-04-13 18:58:25.399 INFO: Epoch 17: head: default, loss=0.01032627, MAE_E=    3.02 meV, MAE_F=    6.71 meV / A
2025-04-13 18:58:40.155 INFO: Epoch 18: head: default, loss=0.00959336, MAE_E=    4.53 meV, MAE_F=    6.65 meV / A
2025-04-13 18:58:54.917 INFO: Epoch 19: head: default, loss=0.00891391, MAE_E=   19.20 meV, MAE_F=    6.33 meV / A
2025-04-13 18:59:09.690 INFO: Epoch 20: head: default, loss=0.00917999, MAE_E=    3.64 meV, MAE_F=    6.35 meV / A
2025-04-13 18:59:24.397 INFO: Epoch 21: head: default, loss=0.00830751, MAE_E=   11.06 meV, MAE_F=    6.02 meV / A
2025-04-13 18:59:39.126 INFO: Epoch 22: head: default, loss=0.00793296, MAE_E=   12.39 meV, MAE_F=    5.98 meV / A
2025-04-13 18:59:53.884 INFO: Epoch 23: head: default, loss=0.00782161, MAE_E=   11.93 meV, MAE_F=    5.92 meV / A
2025-04-13 19:00:08.669 INFO: Epoch 24: head: default, loss=0.00716658, MAE_E=    2.58 meV, MAE_F=    5.67 meV / A
2025-04-13 19:00:23.423 INFO: Epoch 25: head: default, loss=0.00661681, MAE_E=    3.66 meV, MAE_F=    5.40 meV / A
2025-04-13 19:00:38.189 INFO: Epoch 26: head: default, loss=0.00678748, MAE_E=    4.56 meV, MAE_F=    5.48 meV / A
2025-04-13 19:00:52.887 INFO: Epoch 27: head: default, loss=0.00682512, MAE_E=    2.22 meV, MAE_F=    5.37 meV / A
2025-04-13 19:01:07.617 INFO: Epoch 28: head: default, loss=0.00575884, MAE_E=    2.29 meV, MAE_F=    5.05 meV / A
2025-04-13 19:01:22.425 INFO: Epoch 29: head: default, loss=0.00557840, MAE_E=    0.63 meV, MAE_F=    4.91 meV / A
2025-04-13 19:01:37.211 INFO: Epoch 30: head: default, loss=0.00518560, MAE_E=    6.00 meV, MAE_F=    4.76 meV / A
2025-04-13 19:01:51.999 INFO: Epoch 31: head: default, loss=0.00476794, MAE_E=    6.27 meV, MAE_F=    4.51 meV / A
2025-04-13 19:02:06.766 INFO: Epoch 32: head: default, loss=0.00454022, MAE_E=    3.20 meV, MAE_F=    4.50 meV / A
2025-04-13 19:02:21.556 INFO: Epoch 33: head: default, loss=0.00476077, MAE_E=    8.52 meV, MAE_F=    4.46 meV / A
2025-04-13 19:02:36.310 INFO: Epoch 34: head: default, loss=0.00459805, MAE_E=    4.69 meV, MAE_F=    4.36 meV / A
2025-04-13 19:02:51.067 INFO: Epoch 35: head: default, loss=0.00379092, MAE_E=    1.80 meV, MAE_F=    4.04 meV / A
2025-04-13 19:03:05.880 INFO: Epoch 36: head: default, loss=0.00474179, MAE_E=    5.16 meV, MAE_F=    4.37 meV / A
2025-04-13 19:03:20.606 INFO: Epoch 37: head: default, loss=0.00408269, MAE_E=    2.49 meV, MAE_F=    4.12 meV / A
2025-04-13 19:03:35.341 INFO: Epoch 38: head: default, loss=0.00367204, MAE_E=    2.57 meV, MAE_F=    3.96 meV / A
2025-04-13 19:03:50.157 INFO: Epoch 39: head: default, loss=0.00316047, MAE_E=    3.97 meV, MAE_F=    3.72 meV / A
2025-04-13 19:04:04.976 INFO: Epoch 40: head: default, loss=0.00355087, MAE_E=    2.88 meV, MAE_F=    3.93 meV / A
2025-04-13 19:04:19.688 INFO: Epoch 41: head: default, loss=0.00338374, MAE_E=    0.50 meV, MAE_F=    3.64 meV / A
2025-04-13 19:04:34.422 INFO: Epoch 42: head: default, loss=0.00285443, MAE_E=    2.00 meV, MAE_F=    3.43 meV / A
2025-04-13 19:04:49.187 INFO: Epoch 43: head: default, loss=0.00245963, MAE_E=    0.51 meV, MAE_F=    3.08 meV / A
2025-04-13 19:05:03.971 INFO: Epoch 44: head: default, loss=0.00216328, MAE_E=    1.84 meV, MAE_F=    2.91 meV / A
2025-04-13 19:05:18.752 INFO: Epoch 45: head: default, loss=0.00211702, MAE_E=    0.79 meV, MAE_F=    2.99 meV / A
2025-04-13 19:05:33.580 INFO: Epoch 46: head: default, loss=0.00212307, MAE_E=    0.40 meV, MAE_F=    2.92 meV / A
2025-04-13 19:05:48.289 INFO: Epoch 47: head: default, loss=0.00229272, MAE_E=    1.68 meV, MAE_F=    3.02 meV / A
2025-04-13 19:06:03.031 INFO: Epoch 48: head: default, loss=0.00221461, MAE_E=    0.42 meV, MAE_F=    2.90 meV / A
2025-04-13 19:06:17.768 INFO: Epoch 49: head: default, loss=0.00216991, MAE_E=    0.43 meV, MAE_F=    2.86 meV / A
2025-04-13 19:06:32.467 INFO: Epoch 50: head: default, loss=0.00185733, MAE_E=    0.42 meV, MAE_F=    2.73 meV / A
2025-04-13 19:06:47.432 INFO: Epoch 51: head: default, loss=0.00204878, MAE_E=    1.06 meV, MAE_F=    2.89 meV / A
2025-04-13 19:07:02.119 INFO: Epoch 52: head: default, loss=0.00196220, MAE_E=    0.40 meV, MAE_F=    2.76 meV / A
2025-04-13 19:07:16.736 INFO: Epoch 53: head: default, loss=0.00177997, MAE_E=    1.20 meV, MAE_F=    2.64 meV / A
2025-04-13 19:07:31.386 INFO: Epoch 54: head: default, loss=0.00197976, MAE_E=    4.21 meV, MAE_F=    2.73 meV / A
2025-04-13 19:07:46.101 INFO: Epoch 55: head: default, loss=0.00198148, MAE_E=    2.91 meV, MAE_F=    2.74 meV / A
2025-04-13 19:08:00.831 INFO: Epoch 56: head: default, loss=0.00186636, MAE_E=    1.42 meV, MAE_F=    2.68 meV / A
2025-04-13 19:08:15.515 INFO: Epoch 57: head: default, loss=0.00161003, MAE_E=    0.41 meV, MAE_F=    2.54 meV / A
2025-04-13 19:08:30.239 INFO: Epoch 58: head: default, loss=0.00195697, MAE_E=    3.47 meV, MAE_F=    2.84 meV / A
2025-04-13 19:08:44.897 INFO: Epoch 59: head: default, loss=0.00175334, MAE_E=    0.39 meV, MAE_F=    2.68 meV / A
2025-04-13 19:08:59.592 INFO: Epoch 60: head: default, loss=0.00160389, MAE_E=    0.98 meV, MAE_F=    2.50 meV / A
2025-04-13 19:09:14.334 INFO: Epoch 61: head: default, loss=0.00158018, MAE_E=    0.54 meV, MAE_F=    2.51 meV / A
2025-04-13 19:09:29.080 INFO: Epoch 62: head: default, loss=0.00143692, MAE_E=    1.49 meV, MAE_F=    2.45 meV / A
2025-04-13 19:09:43.842 INFO: Epoch 63: head: default, loss=0.00175931, MAE_E=    2.28 meV, MAE_F=    2.68 meV / A
2025-04-13 19:09:58.581 INFO: Epoch 64: head: default, loss=0.00145176, MAE_E=    1.39 meV, MAE_F=    2.40 meV / A
2025-04-13 19:10:13.282 INFO: Epoch 65: head: default, loss=0.00209646, MAE_E=    0.42 meV, MAE_F=    2.84 meV / A
2025-04-13 19:10:27.952 INFO: Epoch 66: head: default, loss=0.00176598, MAE_E=    0.88 meV, MAE_F=    2.56 meV / A
2025-04-13 19:10:42.645 INFO: Epoch 67: head: default, loss=0.00183233, MAE_E=    0.75 meV, MAE_F=    2.65 meV / A
2025-04-13 19:10:57.321 INFO: Epoch 68: head: default, loss=0.00172979, MAE_E=    0.62 meV, MAE_F=    2.60 meV / A
2025-04-13 19:11:12.016 INFO: Epoch 69: head: default, loss=0.00174518, MAE_E=    0.39 meV, MAE_F=    2.56 meV / A
2025-04-13 19:11:26.718 INFO: Epoch 70: head: default, loss=0.00147677, MAE_E=    0.57 meV, MAE_F=    2.40 meV / A
2025-04-13 19:11:41.423 INFO: Epoch 71: head: default, loss=0.00130939, MAE_E=    1.50 meV, MAE_F=    2.22 meV / A
2025-04-13 19:11:56.183 INFO: Epoch 72: head: default, loss=0.00144560, MAE_E=    0.27 meV, MAE_F=    2.38 meV / A
2025-04-13 19:12:10.897 INFO: Epoch 73: head: default, loss=0.00147151, MAE_E=    0.72 meV, MAE_F=    2.31 meV / A
2025-04-13 19:12:25.614 INFO: Epoch 74: head: default, loss=0.00132341, MAE_E=    0.85 meV, MAE_F=    2.35 meV / A
2025-04-13 19:12:40.377 INFO: Epoch 75: head: default, loss=0.00148492, MAE_E=    0.66 meV, MAE_F=    2.29 meV / A
2025-04-13 19:12:55.130 INFO: Epoch 76: head: default, loss=0.00129479, MAE_E=    0.57 meV, MAE_F=    2.18 meV / A
2025-04-13 19:13:09.968 INFO: Epoch 77: head: default, loss=0.00119459, MAE_E=    0.96 meV, MAE_F=    2.16 meV / A
2025-04-13 19:13:24.774 INFO: Epoch 78: head: default, loss=0.00115195, MAE_E=    0.33 meV, MAE_F=    2.08 meV / A
2025-04-13 19:13:39.602 INFO: Epoch 79: head: default, loss=0.00114499, MAE_E=    0.95 meV, MAE_F=    2.04 meV / A
2025-04-13 19:13:54.407 INFO: Epoch 80: head: default, loss=0.00118737, MAE_E=    0.39 meV, MAE_F=    2.07 meV / A
2025-04-13 19:14:09.146 INFO: Epoch 81: head: default, loss=0.00120252, MAE_E=    0.38 meV, MAE_F=    2.09 meV / A
2025-04-13 19:14:23.907 INFO: Epoch 82: head: default, loss=0.00110609, MAE_E=    0.25 meV, MAE_F=    2.03 meV / A
2025-04-13 19:14:38.730 INFO: Epoch 83: head: default, loss=0.00104550, MAE_E=    0.57 meV, MAE_F=    1.94 meV / A
2025-04-13 19:14:53.562 INFO: Epoch 84: head: default, loss=0.00105551, MAE_E=    0.23 meV, MAE_F=    1.97 meV / A
2025-04-13 19:15:08.320 INFO: Epoch 85: head: default, loss=0.00098217, MAE_E=    0.42 meV, MAE_F=    1.91 meV / A
2025-04-13 19:15:23.058 INFO: Epoch 86: head: default, loss=0.00101321, MAE_E=    0.22 meV, MAE_F=    1.90 meV / A
2025-04-13 19:15:37.612 INFO: Epoch 87: head: default, loss=0.00104602, MAE_E=    0.30 meV, MAE_F=    1.98 meV / A
2025-04-13 19:15:52.341 INFO: Epoch 88: head: default, loss=0.00115091, MAE_E=    0.23 meV, MAE_F=    2.16 meV / A
2025-04-13 19:16:07.064 INFO: Epoch 89: head: default, loss=0.00104509, MAE_E=    0.21 meV, MAE_F=    1.97 meV / A
2025-04-13 19:16:21.726 INFO: Epoch 90: head: default, loss=0.00106405, MAE_E=    0.36 meV, MAE_F=    1.99 meV / A
2025-04-13 19:16:36.398 INFO: Epoch 91: head: default, loss=0.00102778, MAE_E=    0.49 meV, MAE_F=    1.90 meV / A
2025-04-13 19:16:51.020 INFO: Epoch 92: head: default, loss=0.00093142, MAE_E=    0.25 meV, MAE_F=    1.83 meV / A
2025-04-13 19:17:05.759 INFO: Epoch 93: head: default, loss=0.00086601, MAE_E=    0.27 meV, MAE_F=    1.77 meV / A
2025-04-13 19:17:20.446 INFO: Epoch 94: head: default, loss=0.00094730, MAE_E=    0.26 meV, MAE_F=    1.80 meV / A
2025-04-13 19:17:35.074 INFO: Epoch 95: head: default, loss=0.00089230, MAE_E=    0.63 meV, MAE_F=    1.80 meV / A
2025-04-13 19:17:49.732 INFO: Epoch 96: head: default, loss=0.00086126, MAE_E=    0.77 meV, MAE_F=    1.74 meV / A
2025-04-13 19:18:04.444 INFO: Epoch 97: head: default, loss=0.00090055, MAE_E=    1.06 meV, MAE_F=    1.74 meV / A
2025-04-13 19:18:19.141 INFO: Epoch 98: head: default, loss=0.00091530, MAE_E=    0.79 meV, MAE_F=    1.78 meV / A
2025-04-13 19:18:33.806 INFO: Epoch 99: head: default, loss=0.00101637, MAE_E=    0.29 meV, MAE_F=    1.88 meV / A
2025-04-13 19:18:48.481 INFO: Epoch 100: head: default, loss=0.00090857, MAE_E=    0.65 meV, MAE_F=    1.79 meV / A
2025-04-13 19:19:03.200 INFO: Epoch 101: head: default, loss=0.00092696, MAE_E=    1.07 meV, MAE_F=    1.81 meV / A
2025-04-13 19:19:17.904 INFO: Epoch 102: head: default, loss=0.00089071, MAE_E=    0.37 meV, MAE_F=    1.77 meV / A
2025-04-13 19:19:32.577 INFO: Epoch 103: head: default, loss=0.00092562, MAE_E=    0.57 meV, MAE_F=    1.75 meV / A
2025-04-13 19:19:47.234 INFO: Epoch 104: head: default, loss=0.00083246, MAE_E=    0.37 meV, MAE_F=    1.74 meV / A
2025-04-13 19:20:01.995 INFO: Epoch 105: head: default, loss=0.00079000, MAE_E=    0.26 meV, MAE_F=    1.70 meV / A
2025-04-13 19:20:16.745 INFO: Epoch 106: head: default, loss=0.00080720, MAE_E=    0.21 meV, MAE_F=    1.66 meV / A
2025-04-13 19:20:31.423 INFO: Epoch 107: head: default, loss=0.00079206, MAE_E=    0.49 meV, MAE_F=    1.66 meV / A
2025-04-13 19:20:46.114 INFO: Epoch 108: head: default, loss=0.00077374, MAE_E=    0.25 meV, MAE_F=    1.66 meV / A
2025-04-13 19:21:00.893 INFO: Epoch 109: head: default, loss=0.00077591, MAE_E=    0.23 meV, MAE_F=    1.63 meV / A
2025-04-13 19:21:15.587 INFO: Epoch 110: head: default, loss=0.00078879, MAE_E=    0.34 meV, MAE_F=    1.63 meV / A
2025-04-13 19:21:30.268 INFO: Epoch 111: head: default, loss=0.00099726, MAE_E=    1.28 meV, MAE_F=    1.85 meV / A
2025-04-13 19:21:44.949 INFO: Epoch 112: head: default, loss=0.00083219, MAE_E=    0.26 meV, MAE_F=    1.69 meV / A
2025-04-13 19:21:59.614 INFO: Epoch 113: head: default, loss=0.00076697, MAE_E=    0.29 meV, MAE_F=    1.65 meV / A
2025-04-13 19:22:14.351 INFO: Epoch 114: head: default, loss=0.00075938, MAE_E=    0.39 meV, MAE_F=    1.64 meV / A
2025-04-13 19:22:29.101 INFO: Epoch 115: head: default, loss=0.00080506, MAE_E=    0.54 meV, MAE_F=    1.66 meV / A
2025-04-13 19:22:43.787 INFO: Epoch 116: head: default, loss=0.00071720, MAE_E=    0.45 meV, MAE_F=    1.60 meV / A
2025-04-13 19:22:58.455 INFO: Epoch 117: head: default, loss=0.00074258, MAE_E=    0.21 meV, MAE_F=    1.59 meV / A
2025-04-13 19:23:12.742 INFO: Epoch 118: head: default, loss=0.00076997, MAE_E=    0.47 meV, MAE_F=    1.60 meV / A
2025-04-13 19:23:27.064 INFO: Epoch 119: head: default, loss=0.00067100, MAE_E=    0.75 meV, MAE_F=    1.54 meV / A
2025-04-13 19:23:41.409 INFO: Epoch 120: head: default, loss=0.00068415, MAE_E=    0.24 meV, MAE_F=    1.54 meV / A
2025-04-13 19:23:55.670 INFO: Epoch 121: head: default, loss=0.00068485, MAE_E=    0.88 meV, MAE_F=    1.50 meV / A
2025-04-13 19:24:09.904 INFO: Epoch 122: head: default, loss=0.00068034, MAE_E=    0.20 meV, MAE_F=    1.51 meV / A
2025-04-13 19:24:24.135 INFO: Epoch 123: head: default, loss=0.00068129, MAE_E=    0.21 meV, MAE_F=    1.53 meV / A
2025-04-13 19:24:38.383 INFO: Epoch 124: head: default, loss=0.00064681, MAE_E=    0.18 meV, MAE_F=    1.50 meV / A
2025-04-13 19:24:52.707 INFO: Epoch 125: head: default, loss=0.00062725, MAE_E=    0.22 meV, MAE_F=    1.48 meV / A
2025-04-13 19:25:07.004 INFO: Epoch 126: head: default, loss=0.00064551, MAE_E=    0.51 meV, MAE_F=    1.49 meV / A
2025-04-13 19:25:21.220 INFO: Epoch 127: head: default, loss=0.00064284, MAE_E=    0.22 meV, MAE_F=    1.49 meV / A
2025-04-13 19:25:35.723 INFO: Epoch 128: head: default, loss=0.00068626, MAE_E=    0.22 meV, MAE_F=    1.53 meV / A
2025-04-13 19:25:50.282 INFO: Epoch 129: head: default, loss=0.00066347, MAE_E=    0.24 meV, MAE_F=    1.49 meV / A
2025-04-13 19:26:04.822 INFO: Epoch 130: head: default, loss=0.00064096, MAE_E=    0.20 meV, MAE_F=    1.48 meV / A
2025-04-13 19:26:19.394 INFO: Epoch 131: head: default, loss=0.00071628, MAE_E=    0.19 meV, MAE_F=    1.52 meV / A
2025-04-13 19:26:33.946 INFO: Epoch 132: head: default, loss=0.00064979, MAE_E=    0.63 meV, MAE_F=    1.48 meV / A
2025-04-13 19:26:48.498 INFO: Epoch 133: head: default, loss=0.00062364, MAE_E=    0.21 meV, MAE_F=    1.46 meV / A
2025-04-13 19:27:03.101 INFO: Epoch 134: head: default, loss=0.00060761, MAE_E=    0.21 meV, MAE_F=    1.45 meV / A
2025-04-13 19:27:17.699 INFO: Epoch 135: head: default, loss=0.00058004, MAE_E=    0.19 meV, MAE_F=    1.46 meV / A
2025-04-13 19:27:32.309 INFO: Epoch 136: head: default, loss=0.00065468, MAE_E=    0.22 meV, MAE_F=    1.48 meV / A
2025-04-13 19:27:46.894 INFO: Epoch 137: head: default, loss=0.00060103, MAE_E=    0.19 meV, MAE_F=    1.45 meV / A
2025-04-13 19:28:01.447 INFO: Epoch 138: head: default, loss=0.00056002, MAE_E=    0.48 meV, MAE_F=    1.41 meV / A
2025-04-13 19:28:16.048 INFO: Epoch 139: head: default, loss=0.00054634, MAE_E=    0.19 meV, MAE_F=    1.41 meV / A
2025-04-13 19:28:30.682 INFO: Epoch 140: head: default, loss=0.00066379, MAE_E=    0.33 meV, MAE_F=    1.55 meV / A
2025-04-13 19:28:45.240 INFO: Epoch 141: head: default, loss=0.00060220, MAE_E=    0.18 meV, MAE_F=    1.46 meV / A
2025-04-13 19:28:59.694 INFO: Epoch 142: head: default, loss=0.00062455, MAE_E=    0.46 meV, MAE_F=    1.48 meV / A
2025-04-13 19:29:14.067 INFO: Epoch 143: head: default, loss=0.00052856, MAE_E=    0.48 meV, MAE_F=    1.42 meV / A
2025-04-13 19:29:28.673 INFO: Epoch 144: head: default, loss=0.00056500, MAE_E=    0.41 meV, MAE_F=    1.46 meV / A
2025-04-13 19:29:43.131 INFO: Epoch 145: head: default, loss=0.00054395, MAE_E=    0.20 meV, MAE_F=    1.41 meV / A
2025-04-13 19:29:57.570 INFO: Epoch 146: head: default, loss=0.00058428, MAE_E=    0.87 meV, MAE_F=    1.42 meV / A
2025-04-13 19:30:12.026 INFO: Epoch 147: head: default, loss=0.00061370, MAE_E=    0.21 meV, MAE_F=    1.48 meV / A
2025-04-13 19:30:26.499 INFO: Epoch 148: head: default, loss=0.00060648, MAE_E=    0.48 meV, MAE_F=    1.45 meV / A
2025-04-13 19:30:40.947 INFO: Epoch 149: head: default, loss=0.00057077, MAE_E=    0.23 meV, MAE_F=    1.42 meV / A
2025-04-13 19:30:55.394 INFO: Epoch 150: head: default, loss=0.00083705, MAE_E=    1.68 meV, MAE_F=    1.77 meV / A
2025-04-13 19:31:09.760 INFO: Epoch 151: head: default, loss=0.00081499, MAE_E=    0.23 meV, MAE_F=    1.72 meV / A
2025-04-13 19:31:24.086 INFO: Epoch 152: head: default, loss=0.00070629, MAE_E=    0.19 meV, MAE_F=    1.57 meV / A
2025-04-13 19:31:38.365 INFO: Epoch 153: head: default, loss=0.00064828, MAE_E=    0.69 meV, MAE_F=    1.51 meV / A
2025-04-13 19:31:52.623 INFO: Epoch 154: head: default, loss=0.00062423, MAE_E=    0.23 meV, MAE_F=    1.46 meV / A
2025-04-13 19:32:06.821 INFO: Epoch 155: head: default, loss=0.00062636, MAE_E=    0.36 meV, MAE_F=    1.43 meV / A
2025-04-13 19:32:21.019 INFO: Epoch 156: head: default, loss=0.00061952, MAE_E=    0.71 meV, MAE_F=    1.42 meV / A
2025-04-13 19:32:35.220 INFO: Epoch 157: head: default, loss=0.00055161, MAE_E=    0.32 meV, MAE_F=    1.41 meV / A
2025-04-13 19:32:49.438 INFO: Epoch 158: head: default, loss=0.00059370, MAE_E=    0.17 meV, MAE_F=    1.44 meV / A
2025-04-13 19:33:03.656 INFO: Epoch 159: head: default, loss=0.00054133, MAE_E=    0.20 meV, MAE_F=    1.39 meV / A
2025-04-13 19:33:17.898 INFO: Epoch 160: head: default, loss=0.00062862, MAE_E=    0.98 meV, MAE_F=    1.47 meV / A
2025-04-13 19:33:32.099 INFO: Epoch 161: head: default, loss=0.00062385, MAE_E=    0.34 meV, MAE_F=    1.47 meV / A
2025-04-13 19:33:46.298 INFO: Epoch 162: head: default, loss=0.00058080, MAE_E=    0.54 meV, MAE_F=    1.41 meV / A
2025-04-13 19:34:00.491 INFO: Epoch 163: head: default, loss=0.00053979, MAE_E=    0.35 meV, MAE_F=    1.42 meV / A
2025-04-13 19:34:14.692 INFO: Epoch 164: head: default, loss=0.00061988, MAE_E=    0.35 meV, MAE_F=    1.44 meV / A
2025-04-13 19:34:28.870 INFO: Epoch 165: head: default, loss=0.00065396, MAE_E=    0.18 meV, MAE_F=    1.47 meV / A
2025-04-13 19:34:43.059 INFO: Epoch 166: head: default, loss=0.00065668, MAE_E=    0.54 meV, MAE_F=    1.49 meV / A
2025-04-13 19:34:57.254 INFO: Epoch 167: head: default, loss=0.00058477, MAE_E=    0.18 meV, MAE_F=    1.43 meV / A
2025-04-13 19:35:11.402 INFO: Epoch 168: head: default, loss=0.00059481, MAE_E=    0.49 meV, MAE_F=    1.40 meV / A
2025-04-13 19:35:25.605 INFO: Epoch 169: head: default, loss=0.00055755, MAE_E=    0.49 meV, MAE_F=    1.35 meV / A
2025-04-13 19:35:39.799 INFO: Epoch 170: head: default, loss=0.00069150, MAE_E=    0.43 meV, MAE_F=    1.49 meV / A
2025-04-13 19:35:54.187 INFO: Epoch 171: head: default, loss=0.00072820, MAE_E=    0.61 meV, MAE_F=    1.53 meV / A
2025-04-13 19:36:08.555 INFO: Epoch 172: head: default, loss=0.00063722, MAE_E=    0.26 meV, MAE_F=    1.46 meV / A
2025-04-13 19:36:22.923 INFO: Epoch 173: head: default, loss=0.00058399, MAE_E=    0.31 meV, MAE_F=    1.42 meV / A
2025-04-13 19:36:37.325 INFO: Epoch 174: head: default, loss=0.00054629, MAE_E=    0.36 meV, MAE_F=    1.37 meV / A
2025-04-13 19:36:51.725 INFO: Epoch 175: head: default, loss=0.00053034, MAE_E=    0.55 meV, MAE_F=    1.35 meV / A
2025-04-13 19:37:06.148 INFO: Epoch 176: head: default, loss=0.00053322, MAE_E=    0.21 meV, MAE_F=    1.34 meV / A
2025-04-13 19:37:20.528 INFO: Epoch 177: head: default, loss=0.00054295, MAE_E=    0.27 meV, MAE_F=    1.33 meV / A
2025-04-13 19:37:34.920 INFO: Epoch 178: head: default, loss=0.00055840, MAE_E=    0.52 meV, MAE_F=    1.34 meV / A
2025-04-13 19:37:49.297 INFO: Epoch 179: head: default, loss=0.00055415, MAE_E=    0.62 meV, MAE_F=    1.34 meV / A
2025-04-13 19:38:03.689 INFO: Epoch 180: head: default, loss=0.00056255, MAE_E=    0.42 meV, MAE_F=    1.37 meV / A
2025-04-13 19:38:18.106 INFO: Epoch 181: head: default, loss=0.00058329, MAE_E=    0.16 meV, MAE_F=    1.36 meV / A
2025-04-13 19:38:32.470 INFO: Epoch 182: head: default, loss=0.00053993, MAE_E=    0.41 meV, MAE_F=    1.31 meV / A
2025-04-13 19:38:46.892 INFO: Epoch 183: head: default, loss=0.00050448, MAE_E=    0.16 meV, MAE_F=    1.43 meV / A
2025-04-13 19:39:01.358 INFO: Epoch 184: head: default, loss=0.00049204, MAE_E=    0.15 meV, MAE_F=    1.32 meV / A
2025-04-13 19:39:15.844 INFO: Epoch 185: head: default, loss=0.00051055, MAE_E=    0.34 meV, MAE_F=    1.30 meV / A
2025-04-13 19:39:30.227 INFO: Epoch 186: head: default, loss=0.00051896, MAE_E=    0.14 meV, MAE_F=    1.30 meV / A
2025-04-13 19:39:44.599 INFO: Epoch 187: head: default, loss=0.00048514, MAE_E=    0.15 meV, MAE_F=    1.28 meV / A
2025-04-13 19:39:59.061 INFO: Epoch 188: head: default, loss=0.00046441, MAE_E=    0.21 meV, MAE_F=    1.29 meV / A
2025-04-13 19:40:13.575 INFO: Epoch 189: head: default, loss=0.00052958, MAE_E=    0.41 meV, MAE_F=    1.32 meV / A
2025-04-13 19:40:27.928 INFO: Epoch 190: head: default, loss=0.00049456, MAE_E=    0.62 meV, MAE_F=    1.28 meV / A
2025-04-13 19:40:42.304 INFO: Epoch 191: head: default, loss=0.00047658, MAE_E=    0.21 meV, MAE_F=    1.29 meV / A
2025-04-13 19:40:56.638 INFO: Epoch 192: head: default, loss=0.00047781, MAE_E=    0.19 meV, MAE_F=    1.26 meV / A
2025-04-13 19:41:11.003 INFO: Epoch 193: head: default, loss=0.00046734, MAE_E=    0.16 meV, MAE_F=    1.26 meV / A
2025-04-13 19:41:25.359 INFO: Epoch 194: head: default, loss=0.00045374, MAE_E=    0.29 meV, MAE_F=    1.24 meV / A
2025-04-13 19:41:39.788 INFO: Epoch 195: head: default, loss=0.00045091, MAE_E=    0.40 meV, MAE_F=    1.22 meV / A
2025-04-13 19:41:54.224 INFO: Epoch 196: head: default, loss=0.00044334, MAE_E=    0.24 meV, MAE_F=    1.21 meV / A
2025-04-13 19:42:08.668 INFO: Epoch 197: head: default, loss=0.00043241, MAE_E=    0.47 meV, MAE_F=    1.22 meV / A
2025-04-13 19:42:23.093 INFO: Epoch 198: head: default, loss=0.00043408, MAE_E=    0.20 meV, MAE_F=    1.21 meV / A
2025-04-13 19:42:37.435 INFO: Epoch 199: head: default, loss=0.00054654, MAE_E=    0.71 meV, MAE_F=    1.38 meV / A
2025-04-13 19:42:51.795 INFO: Epoch 200: head: default, loss=0.00059094, MAE_E=    0.51 meV, MAE_F=    1.46 meV / A
2025-04-13 19:43:06.149 INFO: Epoch 201: head: default, loss=0.00049521, MAE_E=    0.16 meV, MAE_F=    1.36 meV / A
2025-04-13 19:43:20.523 INFO: Epoch 202: head: default, loss=0.00048688, MAE_E=    0.18 meV, MAE_F=    1.31 meV / A
2025-04-13 19:43:34.879 INFO: Epoch 203: head: default, loss=0.00046021, MAE_E=    0.29 meV, MAE_F=    1.24 meV / A
2025-04-13 19:43:49.229 INFO: Epoch 204: head: default, loss=0.00051432, MAE_E=    1.27 meV, MAE_F=    1.31 meV / A
2025-04-13 19:44:03.604 INFO: Epoch 205: head: default, loss=0.00054596, MAE_E=    0.32 meV, MAE_F=    1.38 meV / A
2025-04-13 19:44:17.961 INFO: Epoch 206: head: default, loss=0.00047615, MAE_E=    0.21 meV, MAE_F=    1.29 meV / A
2025-04-13 19:44:32.281 INFO: Epoch 207: head: default, loss=0.00044929, MAE_E=    0.52 meV, MAE_F=    1.26 meV / A
2025-04-13 19:44:46.731 INFO: Epoch 208: head: default, loss=0.00045038, MAE_E=    0.43 meV, MAE_F=    1.27 meV / A
2025-04-13 19:45:01.114 INFO: Epoch 209: head: default, loss=0.00041927, MAE_E=    0.20 meV, MAE_F=    1.23 meV / A
2025-04-13 19:45:15.574 INFO: Epoch 210: head: default, loss=0.00047996, MAE_E=    0.96 meV, MAE_F=    1.29 meV / A
2025-04-13 19:45:29.959 INFO: Epoch 211: head: default, loss=0.00052652, MAE_E=    0.77 meV, MAE_F=    1.33 meV / A
2025-04-13 19:45:44.330 INFO: Epoch 212: head: default, loss=0.00051731, MAE_E=    0.69 meV, MAE_F=    1.30 meV / A
2025-04-13 19:45:58.721 INFO: Epoch 213: head: default, loss=0.00048538, MAE_E=    0.53 meV, MAE_F=    1.26 meV / A
2025-04-13 19:46:13.132 INFO: Epoch 214: head: default, loss=0.00044145, MAE_E=    0.14 meV, MAE_F=    1.24 meV / A
2025-04-13 19:46:27.510 INFO: Epoch 215: head: default, loss=0.00045005, MAE_E=    0.19 meV, MAE_F=    1.22 meV / A
2025-04-13 19:46:41.855 INFO: Epoch 216: head: default, loss=0.00044627, MAE_E=    0.19 meV, MAE_F=    1.22 meV / A
2025-04-13 19:46:56.180 INFO: Epoch 217: head: default, loss=0.00046355, MAE_E=    0.30 meV, MAE_F=    1.22 meV / A
2025-04-13 19:47:10.538 INFO: Epoch 218: head: default, loss=0.00044523, MAE_E=    0.16 meV, MAE_F=    1.24 meV / A
2025-04-13 19:47:24.986 INFO: Epoch 219: head: default, loss=0.00041978, MAE_E=    0.18 meV, MAE_F=    1.22 meV / A
2025-04-13 19:47:39.346 INFO: Epoch 220: head: default, loss=0.00039337, MAE_E=    0.16 meV, MAE_F=    1.20 meV / A
2025-04-13 19:47:53.771 INFO: Epoch 221: head: default, loss=0.00042231, MAE_E=    0.19 meV, MAE_F=    1.20 meV / A
2025-04-13 19:48:08.147 INFO: Epoch 222: head: default, loss=0.00042031, MAE_E=    0.21 meV, MAE_F=    1.19 meV / A
2025-04-13 19:48:22.538 INFO: Epoch 223: head: default, loss=0.00049043, MAE_E=    0.16 meV, MAE_F=    1.24 meV / A
2025-04-13 19:48:36.917 INFO: Epoch 224: head: default, loss=0.00046699, MAE_E=    0.26 meV, MAE_F=    1.21 meV / A
2025-04-13 19:48:51.298 INFO: Epoch 225: head: default, loss=0.00043617, MAE_E=    0.21 meV, MAE_F=    1.19 meV / A
2025-04-13 19:49:05.771 INFO: Epoch 226: head: default, loss=0.00042732, MAE_E=    0.41 meV, MAE_F=    1.17 meV / A
2025-04-13 19:49:20.173 INFO: Epoch 227: head: default, loss=0.00045612, MAE_E=    0.39 meV, MAE_F=    1.19 meV / A
2025-04-13 19:49:34.840 INFO: Epoch 228: head: default, loss=0.00047444, MAE_E=    0.92 meV, MAE_F=    1.28 meV / A
2025-04-13 19:49:49.395 INFO: Epoch 229: head: default, loss=0.00047734, MAE_E=    0.21 meV, MAE_F=    1.25 meV / A
2025-04-13 19:50:03.596 INFO: Epoch 230: head: default, loss=0.00047257, MAE_E=    0.44 meV, MAE_F=    1.23 meV / A
2025-04-13 19:50:17.923 INFO: Epoch 231: head: default, loss=0.00047284, MAE_E=    0.14 meV, MAE_F=    1.25 meV / A
2025-04-13 19:50:32.325 INFO: Epoch 232: head: default, loss=0.00045871, MAE_E=    0.46 meV, MAE_F=    1.21 meV / A
2025-04-13 19:50:46.640 INFO: Epoch 233: head: default, loss=0.00044836, MAE_E=    0.20 meV, MAE_F=    1.19 meV / A
2025-04-13 19:51:00.991 INFO: Epoch 234: head: default, loss=0.00053445, MAE_E=    0.66 meV, MAE_F=    1.34 meV / A
2025-04-13 19:51:15.400 INFO: Epoch 235: head: default, loss=0.00043213, MAE_E=    0.19 meV, MAE_F=    1.27 meV / A
2025-04-13 19:51:29.714 INFO: Epoch 236: head: default, loss=0.00042341, MAE_E=    0.32 meV, MAE_F=    1.22 meV / A
2025-04-13 19:51:44.091 INFO: Epoch 237: head: default, loss=0.00042270, MAE_E=    0.16 meV, MAE_F=    1.19 meV / A
2025-04-13 19:51:58.471 INFO: Epoch 238: head: default, loss=0.00041759, MAE_E=    0.15 meV, MAE_F=    1.19 meV / A
2025-04-13 19:52:12.851 INFO: Epoch 239: head: default, loss=0.00039972, MAE_E=    0.16 meV, MAE_F=    1.18 meV / A
2025-04-13 19:52:27.212 INFO: Epoch 240: head: default, loss=0.00038529, MAE_E=    0.48 meV, MAE_F=    1.14 meV / A
2025-04-13 19:52:41.652 INFO: Epoch 241: head: default, loss=0.00039617, MAE_E=    0.16 meV, MAE_F=    1.17 meV / A
2025-04-13 19:52:56.016 INFO: Epoch 242: head: default, loss=0.00039588, MAE_E=    0.15 meV, MAE_F=    1.17 meV / A
2025-04-13 19:53:10.428 INFO: Epoch 243: head: default, loss=0.00041469, MAE_E=    0.33 meV, MAE_F=    1.18 meV / A
2025-04-13 19:53:24.806 INFO: Epoch 244: head: default, loss=0.00039230, MAE_E=    0.62 meV, MAE_F=    1.17 meV / A
2025-04-13 19:53:39.197 INFO: Epoch 245: head: default, loss=0.00038293, MAE_E=    0.65 meV, MAE_F=    1.16 meV / A
2025-04-13 19:53:53.655 INFO: Epoch 246: head: default, loss=0.00039284, MAE_E=    0.17 meV, MAE_F=    1.14 meV / A
2025-04-13 19:54:08.039 INFO: Epoch 247: head: default, loss=0.00038222, MAE_E=    0.33 meV, MAE_F=    1.15 meV / A
2025-04-13 19:54:22.495 INFO: Epoch 248: head: default, loss=0.00040184, MAE_E=    0.28 meV, MAE_F=    1.14 meV / A
